# JRE version: OpenJDK Runtime Environment (8.0_152-b01) (build 1.8.0_152-release-915-b01)
# Java VM: OpenJDK 64-Bit Server VM (25.152-b01 mixed mode windows-amd64 compressed oops)
Heap:
 PSYoungGen      total 101376K, used 31332K [0x00000000e0000000, 0x00000000e9480000, 0x0000000100000000)
  eden space 90112K, 34% used [0x00000000e0000000,0x00000000e1e991d0,0x00000000e5800000)
  from space 11264K, 0% used [0x00000000e5800000,0x00000000e5800000,0x00000000e6300000)
  to   space 12288K, 0% used [0x00000000e8880000,0x00000000e8880000,0x00000000e9480000)
 ParOldGen       total 100352K, used 16311K [0x00000000a0000000, 0x00000000a6200000, 0x00000000e0000000)
  object space 100352K, 16% used [0x00000000a0000000,0x00000000a0fedec0,0x00000000a6200000)
 Metaspace       used 38152K, capacity 38998K, committed 39168K, reserved 1083392K
  class space    used 5169K, capacity 5522K, committed 5632K, reserved 1048576K
GC Heap History (10 events):
Event: 3.792 GC heap before
{Heap before GC invocations=5 (full 1):
 PSYoungGen      total 68608K, used 5108K [0x00000000e0000000, 0x00000000e4800000, 0x0000000100000000)
  eden space 63488K, 0% used [0x00000000e0000000,0x00000000e0000000,0x00000000e3e00000)
  from space 5120K, 99% used [0x00000000e4300000,0x00000000e47fd040,0x00000000e4800000)
  to   space 5120K, 0% used [0x00000000e3e00000,0x00000000e3e00000,0x00000000e4300000)
 ParOldGen       total 84992K, used 7397K [0x00000000a0000000, 0x00000000a5300000, 0x00000000e0000000)
  object space 84992K, 8% used [0x00000000a0000000,0x00000000a07394e0,0x00000000a5300000)
 Metaspace       used 20698K, capacity 21112K, committed 21248K, reserved 1067008K
  class space    used 2867K, capacity 3035K, committed 3072K, reserved 1048576K
Event: 3.840 GC heap after
Heap after GC invocations=5 (full 1):
 PSYoungGen      total 68608K, used 0K [0x00000000e0000000, 0x00000000e4800000, 0x0000000100000000)
  eden space 63488K, 0% used [0x00000000e0000000,0x00000000e0000000,0x00000000e3e00000)
  from space 5120K, 0% used [0x00000000e4300000,0x00000000e4300000,0x00000000e4800000)
  to   space 5120K, 0% used [0x00000000e3e00000,0x00000000e3e00000,0x00000000e4300000)
 ParOldGen       total 62976K, used 9119K [0x00000000a0000000, 0x00000000a3d80000, 0x00000000e0000000)
  object space 62976K, 14% used [0x00000000a0000000,0x00000000a08e7e60,0x00000000a3d80000)
 Metaspace       used 20698K, capacity 21112K, committed 21248K, reserved 1067008K
  class space    used 2867K, capacity 3035K, committed 3072K, reserved 1048576K
}
Event: 5.542 GC heap before
{Heap before GC invocations=6 (full 1):
 PSYoungGen      total 68608K, used 63102K [0x00000000e0000000, 0x00000000e4800000, 0x0000000100000000)
  eden space 63488K, 99% used [0x00000000e0000000,0x00000000e3d9fba0,0x00000000e3e00000)
  from space 5120K, 0% used [0x00000000e4300000,0x00000000e4300000,0x00000000e4800000)
  to   space 5120K, 0% used [0x00000000e3e00000,0x00000000e3e00000,0x00000000e4300000)
 ParOldGen       total 62976K, used 9119K [0x00000000a0000000, 0x00000000a3d80000, 0x00000000e0000000)
  object space 62976K, 14% used [0x00000000a0000000,0x00000000a08e7e60,0x00000000a3d80000)
 Metaspace       used 25569K, capacity 26042K, committed 26240K, reserved 1071104K
  class space    used 3531K, capacity 3710K, committed 3712K, reserved 1048576K
Event: 5.548 GC heap after
Heap after GC invocations=6 (full 1):
 PSYoungGen      total 68608K, used 5094K [0x00000000e0000000, 0x00000000e6d00000, 0x0000000100000000)
  eden space 63488K, 0% used [0x00000000e0000000,0x00000000e0000000,0x00000000e3e00000)
  from space 5120K, 99% used [0x00000000e3e00000,0x00000000e42f9980,0x00000000e4300000)
  to   space 10240K, 0% used [0x00000000e6300000,0x00000000e6300000,0x00000000e6d00000)
 ParOldGen       total 62976K, used 10927K [0x00000000a0000000, 0x00000000a3d80000, 0x00000000e0000000)
  object space 62976K, 17% used [0x00000000a0000000,0x00000000a0aabc18,0x00000000a3d80000)
 Metaspace       used 25569K, capacity 26042K, committed 26240K, reserved 1071104K
  class space    used 3531K, capacity 3710K, committed 3712K, reserved 1048576K
}
Event: 7.047 GC heap before
{Heap before GC invocations=7 (full 1):
 PSYoungGen      total 68608K, used 68582K [0x00000000e0000000, 0x00000000e6d00000, 0x0000000100000000)
  eden space 63488K, 100% used [0x00000000e0000000,0x00000000e3e00000,0x00000000e3e00000)
  from space 5120K, 99% used [0x00000000e3e00000,0x00000000e42f9980,0x00000000e4300000)
  to   space 10240K, 0% used [0x00000000e6300000,0x00000000e6300000,0x00000000e6d00000)
 ParOldGen       total 62976K, used 10927K [0x00000000a0000000, 0x00000000a3d80000, 0x00000000e0000000)
  object space 62976K, 17% used [0x00000000a0000000,0x00000000a0aabc18,0x00000000a3d80000)
 Metaspace       used 31092K, capacity 31722K, committed 32000K, reserved 1077248K
  class space    used 4298K, capacity 4580K, committed 4608K, reserved 1048576K
Event: 7.067 GC heap after
Heap after GC invocations=7 (full 1):
 PSYoungGen      total 100352K, used 9644K [0x00000000e0000000, 0x00000000e7080000, 0x0000000100000000)
  eden space 90112K, 0% used [0x00000000e0000000,0x00000000e0000000,0x00000000e5800000)
  from space 10240K, 94% used [0x00000000e6300000,0x00000000e6c6b208,0x00000000e6d00000)
  to   space 11264K, 0% used [0x00000000e5800000,0x00000000e5800000,0x00000000e6300000)
 ParOldGen       total 62976K, used 10935K [0x00000000a0000000, 0x00000000a3d80000, 0x00000000e0000000)
  object space 62976K, 17% used [0x00000000a0000000,0x00000000a0aadc18,0x00000000a3d80000)
 Metaspace       used 31092K, capacity 31722K, committed 32000K, reserved 1077248K
  class space    used 4298K, capacity 4580K, committed 4608K, reserved 1048576K
}
Event: 10.146 GC heap before
{Heap before GC invocations=8 (full 1):
 PSYoungGen      total 100352K, used 80407K [0x00000000e0000000, 0x00000000e7080000, 0x0000000100000000)
  eden space 90112K, 78% used [0x00000000e0000000,0x00000000e451ac30,0x00000000e5800000)
  from space 10240K, 94% used [0x00000000e6300000,0x00000000e6c6b208,0x00000000e6d00000)
  to   space 11264K, 0% used [0x00000000e5800000,0x00000000e5800000,0x00000000e6300000)
 ParOldGen       total 62976K, used 10935K [0x00000000a0000000, 0x00000000a3d80000, 0x00000000e0000000)
  object space 62976K, 17% used [0x00000000a0000000,0x00000000a0aadc18,0x00000000a3d80000)
 Metaspace       used 34494K, capacity 35304K, committed 35416K, reserved 1079296K
  class space    used 4705K, capacity 5034K, committed 5120K, reserved 1048576K
Event: 10.158 GC heap after
Heap after GC invocations=8 (full 1):
 PSYoungGen      total 101376K, used 10301K [0x00000000e0000000, 0x00000000e9480000, 0x0000000100000000)
  eden space 90112K, 0% used [0x00000000e0000000,0x00000000e0000000,0x00000000e5800000)
  from space 11264K, 91% used [0x00000000e5800000,0x00000000e620f488,0x00000000e6300000)
  to   space 12288K, 0% used [0x00000000e8880000,0x00000000e8880000,0x00000000e9480000)
 ParOldGen       total 62976K, used 11007K [0x00000000a0000000, 0x00000000a3d80000, 0x00000000e0000000)
  object space 62976K, 17% used [0x00000000a0000000,0x00000000a0abfc28,0x00000000a3d80000)
 Metaspace       used 34494K, capacity 35304K, committed 35416K, reserved 1079296K
  class space    used 4705K, capacity 5034K, committed 5120K, reserved 1048576K
}
Event: 10.158 GC heap before
{Heap before GC invocations=9 (full 2):
 PSYoungGen      total 101376K, used 10301K [0x00000000e0000000, 0x00000000e9480000, 0x0000000100000000)
  eden space 90112K, 0% used [0x00000000e0000000,0x00000000e0000000,0x00000000e5800000)
  from space 11264K, 91% used [0x00000000e5800000,0x00000000e620f488,0x00000000e6300000)
  to   space 12288K, 0% used [0x00000000e8880000,0x00000000e8880000,0x00000000e9480000)
 ParOldGen       total 62976K, used 11007K [0x00000000a0000000, 0x00000000a3d80000, 0x00000000e0000000)
  object space 62976K, 17% used [0x00000000a0000000,0x00000000a0abfc28,0x00000000a3d80000)
 Metaspace       used 34494K, capacity 35304K, committed 35416K, reserved 1079296K
  class space    used 4705K, capacity 5034K, committed 5120K, reserved 1048576K
Event: 10.269 GC heap after
Heap after GC invocations=9 (full 2):
 PSYoungGen      total 101376K, used 0K [0x00000000e0000000, 0x00000000e9480000, 0x0000000100000000)
  eden space 90112K, 0% used [0x00000000e0000000,0x00000000e0000000,0x00000000e5800000)
  from space 11264K, 0% used [0x00000000e5800000,0x00000000e5800000,0x00000000e6300000)
  to   space 12288K, 0% used [0x00000000e8880000,0x00000000e8880000,0x00000000e9480000)
 ParOldGen       total 100352K, used 16311K [0x00000000a0000000, 0x00000000a6200000, 0x00000000e0000000)
  object space 100352K, 16% used [0x00000000a0000000,0x00000000a0fedec0,0x00000000a6200000)
 Metaspace       used 34494K, capacity 35304K, committed 35416K, reserved 1079296K
  class space    used 4705K, capacity 5034K, committed 5120K, reserved 1048576K
}

