# JRE version: OpenJDK Runtime Environment (8.0_152-b01) (build 1.8.0_152-release-915-b01)
# Java VM: OpenJDK 64-Bit Server VM (25.152-b01 mixed mode windows-amd64 compressed oops)
Heap:
 PSYoungGen      total 101888K, used 61245K [0x00000000e0000000, 0x00000000e9580000, 0x0000000100000000)
  eden space 90624K, 67% used [0x00000000e0000000,0x00000000e3bcf520,0x00000000e5880000)
  from space 11264K, 0% used [0x00000000e5880000,0x00000000e5880000,0x00000000e6380000)
  to   space 12288K, 0% used [0x00000000e8980000,0x00000000e8980000,0x00000000e9580000)
 ParOldGen       total 63488K, used 16298K [0x00000000a0000000, 0x00000000a3e00000, 0x00000000e0000000)
  object space 63488K, 25% used [0x00000000a0000000,0x00000000a0feaba0,0x00000000a3e00000)
 Metaspace       used 39146K, capacity 39996K, committed 40192K, reserved 1083392K
  class space    used 5266K, capacity 5619K, committed 5632K, reserved 1048576K
GC Heap History (10 events):
Event: 3.347 GC heap before
{Heap before GC invocations=5 (full 1):
 PSYoungGen      total 68608K, used 5108K [0x00000000e0000000, 0x00000000e4800000, 0x0000000100000000)
  eden space 63488K, 0% used [0x00000000e0000000,0x00000000e0000000,0x00000000e3e00000)
  from space 5120K, 99% used [0x00000000e4300000,0x00000000e47fd040,0x00000000e4800000)
  to   space 5120K, 0% used [0x00000000e3e00000,0x00000000e3e00000,0x00000000e4300000)
 ParOldGen       total 84992K, used 7523K [0x00000000a0000000, 0x00000000a5300000, 0x00000000e0000000)
  object space 84992K, 8% used [0x00000000a0000000,0x00000000a0758ed0,0x00000000a5300000)
 Metaspace       used 20699K, capacity 21112K, committed 21248K, reserved 1067008K
  class space    used 2868K, capacity 3035K, committed 3072K, reserved 1048576K
Event: 3.394 GC heap after
Heap after GC invocations=5 (full 1):
 PSYoungGen      total 68608K, used 0K [0x00000000e0000000, 0x00000000e4800000, 0x0000000100000000)
  eden space 63488K, 0% used [0x00000000e0000000,0x00000000e0000000,0x00000000e3e00000)
  from space 5120K, 0% used [0x00000000e4300000,0x00000000e4300000,0x00000000e4800000)
  to   space 5120K, 0% used [0x00000000e3e00000,0x00000000e3e00000,0x00000000e4300000)
 ParOldGen       total 63488K, used 9156K [0x00000000a0000000, 0x00000000a3e00000, 0x00000000e0000000)
  object space 63488K, 14% used [0x00000000a0000000,0x00000000a08f1140,0x00000000a3e00000)
 Metaspace       used 20699K, capacity 21112K, committed 21248K, reserved 1067008K
  class space    used 2868K, capacity 3035K, committed 3072K, reserved 1048576K
}
Event: 4.746 GC heap before
{Heap before GC invocations=6 (full 1):
 PSYoungGen      total 68608K, used 63406K [0x00000000e0000000, 0x00000000e4800000, 0x0000000100000000)
  eden space 63488K, 99% used [0x00000000e0000000,0x00000000e3deba30,0x00000000e3e00000)
  from space 5120K, 0% used [0x00000000e4300000,0x00000000e4300000,0x00000000e4800000)
  to   space 5120K, 0% used [0x00000000e3e00000,0x00000000e3e00000,0x00000000e4300000)
 ParOldGen       total 63488K, used 9156K [0x00000000a0000000, 0x00000000a3e00000, 0x00000000e0000000)
  object space 63488K, 14% used [0x00000000a0000000,0x00000000a08f1140,0x00000000a3e00000)
 Metaspace       used 25561K, capacity 26042K, committed 26240K, reserved 1071104K
  class space    used 3530K, capacity 3710K, committed 3712K, reserved 1048576K
Event: 4.757 GC heap after
Heap after GC invocations=6 (full 1):
 PSYoungGen      total 68608K, used 5116K [0x00000000e0000000, 0x00000000e6d80000, 0x0000000100000000)
  eden space 63488K, 0% used [0x00000000e0000000,0x00000000e0000000,0x00000000e3e00000)
  from space 5120K, 99% used [0x00000000e3e00000,0x00000000e42ff188,0x00000000e4300000)
  to   space 10240K, 0% used [0x00000000e6380000,0x00000000e6380000,0x00000000e6d80000)
 ParOldGen       total 63488K, used 10837K [0x00000000a0000000, 0x00000000a3e00000, 0x00000000e0000000)
  object space 63488K, 17% used [0x00000000a0000000,0x00000000a0a95470,0x00000000a3e00000)
 Metaspace       used 25561K, capacity 26042K, committed 26240K, reserved 1071104K
  class space    used 3530K, capacity 3710K, committed 3712K, reserved 1048576K
}
Event: 6.425 GC heap before
{Heap before GC invocations=7 (full 1):
 PSYoungGen      total 68608K, used 68604K [0x00000000e0000000, 0x00000000e6d80000, 0x0000000100000000)
  eden space 63488K, 100% used [0x00000000e0000000,0x00000000e3e00000,0x00000000e3e00000)
  from space 5120K, 99% used [0x00000000e3e00000,0x00000000e42ff188,0x00000000e4300000)
  to   space 10240K, 0% used [0x00000000e6380000,0x00000000e6380000,0x00000000e6d80000)
 ParOldGen       total 63488K, used 10837K [0x00000000a0000000, 0x00000000a3e00000, 0x00000000e0000000)
  object space 63488K, 17% used [0x00000000a0000000,0x00000000a0a95470,0x00000000a3e00000)
 Metaspace       used 31071K, capacity 31722K, committed 32000K, reserved 1077248K
  class space    used 4298K, capacity 4580K, committed 4608K, reserved 1048576K
Event: 6.446 GC heap after
Heap after GC invocations=7 (full 1):
 PSYoungGen      total 100864K, used 9707K [0x00000000e0000000, 0x00000000e7000000, 0x0000000100000000)
  eden space 90624K, 0% used [0x00000000e0000000,0x00000000e0000000,0x00000000e5880000)
  from space 10240K, 94% used [0x00000000e6380000,0x00000000e6cfac80,0x00000000e6d80000)
  to   space 11264K, 0% used [0x00000000e5880000,0x00000000e5880000,0x00000000e6380000)
 ParOldGen       total 63488K, used 10845K [0x00000000a0000000, 0x00000000a3e00000, 0x00000000e0000000)
  object space 63488K, 17% used [0x00000000a0000000,0x00000000a0a97470,0x00000000a3e00000)
 Metaspace       used 31071K, capacity 31722K, committed 32000K, reserved 1077248K
  class space    used 4298K, capacity 4580K, committed 4608K, reserved 1048576K
}
Event: 9.544 GC heap before
{Heap before GC invocations=8 (full 1):
 PSYoungGen      total 100864K, used 80397K [0x00000000e0000000, 0x00000000e7000000, 0x0000000100000000)
  eden space 90624K, 78% used [0x00000000e0000000,0x00000000e4508830,0x00000000e5880000)
  from space 10240K, 94% used [0x00000000e6380000,0x00000000e6cfac80,0x00000000e6d80000)
  to   space 11264K, 0% used [0x00000000e5880000,0x00000000e5880000,0x00000000e6380000)
 ParOldGen       total 63488K, used 10845K [0x00000000a0000000, 0x00000000a3e00000, 0x00000000e0000000)
  object space 63488K, 17% used [0x00000000a0000000,0x00000000a0a97470,0x00000000a3e00000)
 Metaspace       used 34555K, capacity 35304K, committed 35416K, reserved 1079296K
  class space    used 4715K, capacity 5034K, committed 5120K, reserved 1048576K
Event: 9.561 GC heap after
Heap after GC invocations=8 (full 1):
 PSYoungGen      total 101888K, used 10229K [0x00000000e0000000, 0x00000000e9580000, 0x0000000100000000)
  eden space 90624K, 0% used [0x00000000e0000000,0x00000000e0000000,0x00000000e5880000)
  from space 11264K, 90% used [0x00000000e5880000,0x00000000e627d5a0,0x00000000e6380000)
  to   space 12288K, 0% used [0x00000000e8980000,0x00000000e8980000,0x00000000e9580000)
 ParOldGen       total 63488K, used 10917K [0x00000000a0000000, 0x00000000a3e00000, 0x00000000e0000000)
  object space 63488K, 17% used [0x00000000a0000000,0x00000000a0aa9480,0x00000000a3e00000)
 Metaspace       used 34555K, capacity 35304K, committed 35416K, reserved 1079296K
  class space    used 4715K, capacity 5034K, committed 5120K, reserved 1048576K
}
Event: 9.561 GC heap before
{Heap before GC invocations=9 (full 2):
 PSYoungGen      total 101888K, used 10229K [0x00000000e0000000, 0x00000000e9580000, 0x0000000100000000)
  eden space 90624K, 0% used [0x00000000e0000000,0x00000000e0000000,0x00000000e5880000)
  from space 11264K, 90% used [0x00000000e5880000,0x00000000e627d5a0,0x00000000e6380000)
  to   space 12288K, 0% used [0x00000000e8980000,0x00000000e8980000,0x00000000e9580000)
 ParOldGen       total 63488K, used 10917K [0x00000000a0000000, 0x00000000a3e00000, 0x00000000e0000000)
  object space 63488K, 17% used [0x00000000a0000000,0x00000000a0aa9480,0x00000000a3e00000)
 Metaspace       used 34555K, capacity 35304K, committed 35416K, reserved 1079296K
  class space    used 4715K, capacity 5034K, committed 5120K, reserved 1048576K
Event: 9.652 GC heap after
Heap after GC invocations=9 (full 2):
 PSYoungGen      total 101888K, used 0K [0x00000000e0000000, 0x00000000e9580000, 0x0000000100000000)
  eden space 90624K, 0% used [0x00000000e0000000,0x00000000e0000000,0x00000000e5880000)
  from space 11264K, 0% used [0x00000000e5880000,0x00000000e5880000,0x00000000e6380000)
  to   space 12288K, 0% used [0x00000000e8980000,0x00000000e8980000,0x00000000e9580000)
 ParOldGen       total 63488K, used 16298K [0x00000000a0000000, 0x00000000a3e00000, 0x00000000e0000000)
  object space 63488K, 25% used [0x00000000a0000000,0x00000000a0feaba0,0x00000000a3e00000)
 Metaspace       used 34555K, capacity 35304K, committed 35416K, reserved 1079296K
  class space    used 4715K, capacity 5034K, committed 5120K, reserved 1048576K
}

