# JRE version: OpenJDK Runtime Environment (8.0_152-b01) (build 1.8.0_152-release-915-b01)
# Java VM: OpenJDK 64-Bit Server VM (25.152-b01 mixed mode windows-amd64 compressed oops)
Heap:
 PSYoungGen      total 77824K, used 65620K [0x00000000e0000000, 0x00000000e5700000, 0x0000000100000000)
  eden space 66560K, 98% used [0x00000000e0000000,0x00000000e4015210,0x00000000e4100000)
  from space 11264K, 0% used [0x00000000e4100000,0x00000000e4100000,0x00000000e4c00000)
  to   space 9728K, 0% used [0x00000000e4d80000,0x00000000e4d80000,0x00000000e5700000)
 ParOldGen       total 65536K, used 16219K [0x00000000a0000000, 0x00000000a4000000, 0x00000000e0000000)
  object space 65536K, 24% used [0x00000000a0000000,0x00000000a0fd6e88,0x00000000a4000000)
 Metaspace       used 40087K, capacity 40976K, committed 41344K, reserved 1085440K
  class space    used 5383K, capacity 5751K, committed 5760K, reserved 1048576K
GC Heap History (10 events):
Event: 9.850 GC heap before
{Heap before GC invocations=7 (full 1):
 PSYoungGen      total 36864K, used 35228K [0x00000000e0000000, 0x00000000e4100000, 0x0000000100000000)
  eden space 31744K, 100% used [0x00000000e0000000,0x00000000e1f00000,0x00000000e1f00000)
  from space 5120K, 68% used [0x00000000e1f00000,0x00000000e2267310,0x00000000e2400000)
  to   space 11264K, 0% used [0x00000000e3600000,0x00000000e3600000,0x00000000e4100000)
 ParOldGen       total 65536K, used 9095K [0x00000000a0000000, 0x00000000a4000000, 0x00000000e0000000)
  object space 65536K, 13% used [0x00000000a0000000,0x00000000a08e1fd0,0x00000000a4000000)
 Metaspace       used 26075K, capacity 26586K, committed 26880K, reserved 1073152K
  class space    used 3538K, capacity 3742K, committed 3840K, reserved 1048576K
Event: 9.896 GC heap after
Heap after GC invocations=7 (full 1):
 PSYoungGen      total 55808K, used 5108K [0x00000000e0000000, 0x00000000e4400000, 0x0000000100000000)
  eden space 44544K, 0% used [0x00000000e0000000,0x00000000e0000000,0x00000000e2b80000)
  from space 11264K, 45% used [0x00000000e3600000,0x00000000e3afd2c0,0x00000000e4100000)
  to   space 10752K, 0% used [0x00000000e2b80000,0x00000000e2b80000,0x00000000e3600000)
 ParOldGen       total 65536K, used 9095K [0x00000000a0000000, 0x00000000a4000000, 0x00000000e0000000)
  object space 65536K, 13% used [0x00000000a0000000,0x00000000a08e1fd0,0x00000000a4000000)
 Metaspace       used 26075K, capacity 26586K, committed 26880K, reserved 1073152K
  class space    used 3538K, capacity 3742K, committed 3840K, reserved 1048576K
}
Event: 11.681 GC heap before
{Heap before GC invocations=8 (full 1):
 PSYoungGen      total 55808K, used 49652K [0x00000000e0000000, 0x00000000e4400000, 0x0000000100000000)
  eden space 44544K, 100% used [0x00000000e0000000,0x00000000e2b80000,0x00000000e2b80000)
  from space 11264K, 45% used [0x00000000e3600000,0x00000000e3afd2c0,0x00000000e4100000)
  to   space 10752K, 0% used [0x00000000e2b80000,0x00000000e2b80000,0x00000000e3600000)
 ParOldGen       total 65536K, used 9095K [0x00000000a0000000, 0x00000000a4000000, 0x00000000e0000000)
  object space 65536K, 13% used [0x00000000a0000000,0x00000000a08e1fd0,0x00000000a4000000)
 Metaspace       used 28861K, capacity 29514K, committed 29696K, reserved 1075200K
  class space    used 4048K, capacity 4292K, committed 4352K, reserved 1048576K
Event: 11.706 GC heap after
Heap after GC invocations=8 (full 1):
 PSYoungGen      total 55296K, used 8255K [0x00000000e0000000, 0x00000000e5880000, 0x0000000100000000)
  eden space 44544K, 0% used [0x00000000e0000000,0x00000000e0000000,0x00000000e2b80000)
  from space 10752K, 76% used [0x00000000e2b80000,0x00000000e338fc08,0x00000000e3600000)
  to   space 11264K, 0% used [0x00000000e4d80000,0x00000000e4d80000,0x00000000e5880000)
 ParOldGen       total 65536K, used 9103K [0x00000000a0000000, 0x00000000a4000000, 0x00000000e0000000)
  object space 65536K, 13% used [0x00000000a0000000,0x00000000a08e3fd0,0x00000000a4000000)
 Metaspace       used 28861K, capacity 29514K, committed 29696K, reserved 1075200K
  class space    used 4048K, capacity 4292K, committed 4352K, reserved 1048576K
}
Event: 16.066 GC heap before
{Heap before GC invocations=9 (full 1):
 PSYoungGen      total 55296K, used 52799K [0x00000000e0000000, 0x00000000e5880000, 0x0000000100000000)
  eden space 44544K, 100% used [0x00000000e0000000,0x00000000e2b80000,0x00000000e2b80000)
  from space 10752K, 76% used [0x00000000e2b80000,0x00000000e338fc08,0x00000000e3600000)
  to   space 11264K, 0% used [0x00000000e4d80000,0x00000000e4d80000,0x00000000e5880000)
 ParOldGen       total 65536K, used 9103K [0x00000000a0000000, 0x00000000a4000000, 0x00000000e0000000)
  object space 65536K, 13% used [0x00000000a0000000,0x00000000a08e3fd0,0x00000000a4000000)
 Metaspace       used 31426K, capacity 32042K, committed 32256K, reserved 1077248K
  class space    used 4313K, capacity 4580K, committed 4608K, reserved 1048576K
Event: 16.086 GC heap after
Heap after GC invocations=9 (full 1):
 PSYoungGen      total 76288K, used 7738K [0x00000000e0000000, 0x00000000e5700000, 0x0000000100000000)
  eden space 66560K, 0% used [0x00000000e0000000,0x00000000e0000000,0x00000000e4100000)
  from space 9728K, 79% used [0x00000000e4d80000,0x00000000e550ebe8,0x00000000e5700000)
  to   space 11264K, 0% used [0x00000000e4100000,0x00000000e4100000,0x00000000e4c00000)
 ParOldGen       total 65536K, used 9111K [0x00000000a0000000, 0x00000000a4000000, 0x00000000e0000000)
  object space 65536K, 13% used [0x00000000a0000000,0x00000000a08e5fd0,0x00000000a4000000)
 Metaspace       used 31426K, capacity 32042K, committed 32256K, reserved 1077248K
  class space    used 4313K, capacity 4580K, committed 4608K, reserved 1048576K
}
Event: 24.008 GC heap before
{Heap before GC invocations=10 (full 1):
 PSYoungGen      total 76288K, used 49192K [0x00000000e0000000, 0x00000000e5700000, 0x0000000100000000)
  eden space 66560K, 62% used [0x00000000e0000000,0x00000000e287b5b8,0x00000000e4100000)
  from space 9728K, 79% used [0x00000000e4d80000,0x00000000e550ebe8,0x00000000e5700000)
  to   space 11264K, 0% used [0x00000000e4100000,0x00000000e4100000,0x00000000e4c00000)
 ParOldGen       total 65536K, used 9111K [0x00000000a0000000, 0x00000000a4000000, 0x00000000e0000000)
  object space 65536K, 13% used [0x00000000a0000000,0x00000000a08e5fd0,0x00000000a4000000)
 Metaspace       used 34480K, capacity 35304K, committed 35416K, reserved 1079296K
  class space    used 4698K, capacity 5034K, committed 5120K, reserved 1048576K
Event: 24.036 GC heap after
Heap after GC invocations=10 (full 1):
 PSYoungGen      total 77824K, used 10237K [0x00000000e0000000, 0x00000000e5700000, 0x0000000100000000)
  eden space 66560K, 0% used [0x00000000e0000000,0x00000000e0000000,0x00000000e4100000)
  from space 11264K, 90% used [0x00000000e4100000,0x00000000e4aff7d8,0x00000000e4c00000)
  to   space 9728K, 0% used [0x00000000e4d80000,0x00000000e4d80000,0x00000000e5700000)
 ParOldGen       total 65536K, used 9183K [0x00000000a0000000, 0x00000000a4000000, 0x00000000e0000000)
  object space 65536K, 14% used [0x00000000a0000000,0x00000000a08f7fe0,0x00000000a4000000)
 Metaspace       used 34480K, capacity 35304K, committed 35416K, reserved 1079296K
  class space    used 4698K, capacity 5034K, committed 5120K, reserved 1048576K
}
Event: 24.036 GC heap before
{Heap before GC invocations=11 (full 2):
 PSYoungGen      total 77824K, used 10237K [0x00000000e0000000, 0x00000000e5700000, 0x0000000100000000)
  eden space 66560K, 0% used [0x00000000e0000000,0x00000000e0000000,0x00000000e4100000)
  from space 11264K, 90% used [0x00000000e4100000,0x00000000e4aff7d8,0x00000000e4c00000)
  to   space 9728K, 0% used [0x00000000e4d80000,0x00000000e4d80000,0x00000000e5700000)
 ParOldGen       total 65536K, used 9183K [0x00000000a0000000, 0x00000000a4000000, 0x00000000e0000000)
  object space 65536K, 14% used [0x00000000a0000000,0x00000000a08f7fe0,0x00000000a4000000)
 Metaspace       used 34480K, capacity 35304K, committed 35416K, reserved 1079296K
  class space    used 4698K, capacity 5034K, committed 5120K, reserved 1048576K
Event: 24.211 GC heap after
Heap after GC invocations=11 (full 2):
 PSYoungGen      total 77824K, used 0K [0x00000000e0000000, 0x00000000e5700000, 0x0000000100000000)
  eden space 66560K, 0% used [0x00000000e0000000,0x00000000e0000000,0x00000000e4100000)
  from space 11264K, 0% used [0x00000000e4100000,0x00000000e4100000,0x00000000e4c00000)
  to   space 9728K, 0% used [0x00000000e4d80000,0x00000000e4d80000,0x00000000e5700000)
 ParOldGen       total 65536K, used 16219K [0x00000000a0000000, 0x00000000a4000000, 0x00000000e0000000)
  object space 65536K, 24% used [0x00000000a0000000,0x00000000a0fd6e88,0x00000000a4000000)
 Metaspace       used 34480K, capacity 35304K, committed 35416K, reserved 1079296K
  class space    used 4698K, capacity 5034K, committed 5120K, reserved 1048576K
}

