# JRE version: OpenJDK Runtime Environment (8.0_152-b01) (build 1.8.0_152-release-915-b01)
# Java VM: OpenJDK 64-Bit Server VM (25.152-b01 mixed mode windows-amd64 compressed oops)
Heap:
 PSYoungGen      total 113664K, used 28751K [0x00000000e0000000, 0x00000000eb480000, 0x0000000100000000)
  eden space 102400K, 28% used [0x00000000e0000000,0x00000000e1c13cc8,0x00000000e6400000)
  from space 11264K, 0% used [0x00000000e6400000,0x00000000e6400000,0x00000000e6f00000)
  to   space 12288K, 0% used [0x00000000ea880000,0x00000000ea880000,0x00000000eb480000)
 ParOldGen       total 83968K, used 16369K [0x00000000a0000000, 0x00000000a5200000, 0x00000000e0000000)
  object space 83968K, 19% used [0x00000000a0000000,0x00000000a0ffc560,0x00000000a5200000)
 Metaspace       used 38224K, capacity 39094K, committed 39424K, reserved 1083392K
  class space    used 5169K, capacity 5554K, committed 5632K, reserved 1048576K
GC Heap History (10 events):
Event: 13.661 GC heap before
{Heap before GC invocations=5 (full 1):
 PSYoungGen      total 68608K, used 5108K [0x00000000e0000000, 0x00000000e4800000, 0x0000000100000000)
  eden space 63488K, 0% used [0x00000000e0000000,0x00000000e0000000,0x00000000e3e00000)
  from space 5120K, 99% used [0x00000000e4300000,0x00000000e47fd060,0x00000000e4800000)
  to   space 5120K, 0% used [0x00000000e3e00000,0x00000000e3e00000,0x00000000e4300000)
 ParOldGen       total 84992K, used 7368K [0x00000000a0000000, 0x00000000a5300000, 0x00000000e0000000)
  object space 84992K, 8% used [0x00000000a0000000,0x00000000a07322b8,0x00000000a5300000)
 Metaspace       used 20699K, capacity 21112K, committed 21248K, reserved 1067008K
  class space    used 2864K, capacity 3035K, committed 3072K, reserved 1048576K
Event: 13.783 GC heap after
Heap after GC invocations=5 (full 1):
 PSYoungGen      total 68608K, used 0K [0x00000000e0000000, 0x00000000e4800000, 0x0000000100000000)
  eden space 63488K, 0% used [0x00000000e0000000,0x00000000e0000000,0x00000000e3e00000)
  from space 5120K, 0% used [0x00000000e4300000,0x00000000e4300000,0x00000000e4800000)
  to   space 5120K, 0% used [0x00000000e3e00000,0x00000000e3e00000,0x00000000e4300000)
 ParOldGen       total 56320K, used 9085K [0x00000000a0000000, 0x00000000a3700000, 0x00000000e0000000)
  object space 56320K, 16% used [0x00000000a0000000,0x00000000a08df4d8,0x00000000a3700000)
 Metaspace       used 20699K, capacity 21112K, committed 21248K, reserved 1067008K
  class space    used 2864K, capacity 3035K, committed 3072K, reserved 1048576K
}
Event: 16.055 GC heap before
{Heap before GC invocations=6 (full 1):
 PSYoungGen      total 68608K, used 63488K [0x00000000e0000000, 0x00000000e4800000, 0x0000000100000000)
  eden space 63488K, 100% used [0x00000000e0000000,0x00000000e3e00000,0x00000000e3e00000)
  from space 5120K, 0% used [0x00000000e4300000,0x00000000e4300000,0x00000000e4800000)
  to   space 5120K, 0% used [0x00000000e3e00000,0x00000000e3e00000,0x00000000e4300000)
 ParOldGen       total 56320K, used 9085K [0x00000000a0000000, 0x00000000a3700000, 0x00000000e0000000)
  object space 56320K, 16% used [0x00000000a0000000,0x00000000a08df4d8,0x00000000a3700000)
 Metaspace       used 26021K, capacity 26490K, committed 26752K, reserved 1073152K
  class space    used 3530K, capacity 3710K, committed 3712K, reserved 1048576K
Event: 16.062 GC heap after
Heap after GC invocations=6 (full 1):
 PSYoungGen      total 68608K, used 5102K [0x00000000e0000000, 0x00000000e7900000, 0x0000000100000000)
  eden space 63488K, 0% used [0x00000000e0000000,0x00000000e0000000,0x00000000e3e00000)
  from space 5120K, 99% used [0x00000000e3e00000,0x00000000e42fb918,0x00000000e4300000)
  to   space 10240K, 0% used [0x00000000e6f00000,0x00000000e6f00000,0x00000000e7900000)
 ParOldGen       total 56320K, used 10697K [0x00000000a0000000, 0x00000000a3700000, 0x00000000e0000000)
  object space 56320K, 18% used [0x00000000a0000000,0x00000000a0a72580,0x00000000a3700000)
 Metaspace       used 26021K, capacity 26490K, committed 26752K, reserved 1073152K
  class space    used 3530K, capacity 3710K, committed 3712K, reserved 1048576K
}
Event: 17.755 GC heap before
{Heap before GC invocations=7 (full 1):
 PSYoungGen      total 68608K, used 68590K [0x00000000e0000000, 0x00000000e7900000, 0x0000000100000000)
  eden space 63488K, 100% used [0x00000000e0000000,0x00000000e3e00000,0x00000000e3e00000)
  from space 5120K, 99% used [0x00000000e3e00000,0x00000000e42fb918,0x00000000e4300000)
  to   space 10240K, 0% used [0x00000000e6f00000,0x00000000e6f00000,0x00000000e7900000)
 ParOldGen       total 56320K, used 10697K [0x00000000a0000000, 0x00000000a3700000, 0x00000000e0000000)
  object space 56320K, 18% used [0x00000000a0000000,0x00000000a0a72580,0x00000000a3700000)
 Metaspace       used 31075K, capacity 31690K, committed 32000K, reserved 1077248K
  class space    used 4285K, capacity 4548K, committed 4608K, reserved 1048576K
Event: 17.775 GC heap after
Heap after GC invocations=7 (full 1):
 PSYoungGen      total 112640K, used 9749K [0x00000000e0000000, 0x00000000e7a80000, 0x0000000100000000)
  eden space 102400K, 0% used [0x00000000e0000000,0x00000000e0000000,0x00000000e6400000)
  from space 10240K, 95% used [0x00000000e6f00000,0x00000000e7885588,0x00000000e7900000)
  to   space 11264K, 0% used [0x00000000e6400000,0x00000000e6400000,0x00000000e6f00000)
 ParOldGen       total 56320K, used 10705K [0x00000000a0000000, 0x00000000a3700000, 0x00000000e0000000)
  object space 56320K, 19% used [0x00000000a0000000,0x00000000a0a74580,0x00000000a3700000)
 Metaspace       used 31075K, capacity 31690K, committed 32000K, reserved 1077248K
  class space    used 4285K, capacity 4548K, committed 4608K, reserved 1048576K
}
Event: 20.736 GC heap before
{Heap before GC invocations=8 (full 1):
 PSYoungGen      total 112640K, used 79551K [0x00000000e0000000, 0x00000000e7a80000, 0x0000000100000000)
  eden space 102400K, 68% used [0x00000000e0000000,0x00000000e442a7b0,0x00000000e6400000)
  from space 10240K, 95% used [0x00000000e6f00000,0x00000000e7885588,0x00000000e7900000)
  to   space 11264K, 0% used [0x00000000e6400000,0x00000000e6400000,0x00000000e6f00000)
 ParOldGen       total 56320K, used 10705K [0x00000000a0000000, 0x00000000a3700000, 0x00000000e0000000)
  object space 56320K, 19% used [0x00000000a0000000,0x00000000a0a74580,0x00000000a3700000)
 Metaspace       used 34415K, capacity 35304K, committed 35416K, reserved 1079296K
  class space    used 4685K, capacity 5034K, committed 5120K, reserved 1048576K
Event: 20.747 GC heap after
Heap after GC invocations=8 (full 1):
 PSYoungGen      total 113664K, used 10322K [0x00000000e0000000, 0x00000000eb480000, 0x0000000100000000)
  eden space 102400K, 0% used [0x00000000e0000000,0x00000000e0000000,0x00000000e6400000)
  from space 11264K, 91% used [0x00000000e6400000,0x00000000e6e14a40,0x00000000e6f00000)
  to   space 12288K, 0% used [0x00000000ea880000,0x00000000ea880000,0x00000000eb480000)
 ParOldGen       total 56320K, used 10777K [0x00000000a0000000, 0x00000000a3700000, 0x00000000e0000000)
  object space 56320K, 19% used [0x00000000a0000000,0x00000000a0a86590,0x00000000a3700000)
 Metaspace       used 34415K, capacity 35304K, committed 35416K, reserved 1079296K
  class space    used 4685K, capacity 5034K, committed 5120K, reserved 1048576K
}
Event: 20.747 GC heap before
{Heap before GC invocations=9 (full 2):
 PSYoungGen      total 113664K, used 10322K [0x00000000e0000000, 0x00000000eb480000, 0x0000000100000000)
  eden space 102400K, 0% used [0x00000000e0000000,0x00000000e0000000,0x00000000e6400000)
  from space 11264K, 91% used [0x00000000e6400000,0x00000000e6e14a40,0x00000000e6f00000)
  to   space 12288K, 0% used [0x00000000ea880000,0x00000000ea880000,0x00000000eb480000)
 ParOldGen       total 56320K, used 10777K [0x00000000a0000000, 0x00000000a3700000, 0x00000000e0000000)
  object space 56320K, 19% used [0x00000000a0000000,0x00000000a0a86590,0x00000000a3700000)
 Metaspace       used 34415K, capacity 35304K, committed 35416K, reserved 1079296K
  class space    used 4685K, capacity 5034K, committed 5120K, reserved 1048576K
Event: 20.843 GC heap after
Heap after GC invocations=9 (full 2):
 PSYoungGen      total 113664K, used 0K [0x00000000e0000000, 0x00000000eb480000, 0x0000000100000000)
  eden space 102400K, 0% used [0x00000000e0000000,0x00000000e0000000,0x00000000e6400000)
  from space 11264K, 0% used [0x00000000e6400000,0x00000000e6400000,0x00000000e6f00000)
  to   space 12288K, 0% used [0x00000000ea880000,0x00000000ea880000,0x00000000eb480000)
 ParOldGen       total 83968K, used 16369K [0x00000000a0000000, 0x00000000a5200000, 0x00000000e0000000)
  object space 83968K, 19% used [0x00000000a0000000,0x00000000a0ffc560,0x00000000a5200000)
 Metaspace       used 34415K, capacity 35304K, committed 35416K, reserved 1079296K
  class space    used 4685K, capacity 5034K, committed 5120K, reserved 1048576K
}

